<?xml version="1.0" encoding="UTF-8"?>
<testsuite xmlns:xsi="http://www.w3.org/2001/XMLSchema-instance" xsi:noNamespaceSchemaLocation="https://maven.apache.org/surefire/maven-surefire-plugin/xsd/surefire-test-report-3.0.xsd" version="3.0" name="runner.RunTest" time="97.388" tests="1" errors="0" skipped="0" failures="0">
  <properties>
[...]
</properties>
  <testcase name="feature[Compra](1)" classname="runner.RunTest" time="96.337">
    <system-out><![CDATA[|-------------------------------------------------------------------------------|
|    ADICIONANDO UM PRODUTO: 1- stylish dress|
|-------------------------------------------------------------------------------|
|    ADICIONANDO UM PRODUTO: 2- stylish dress|
|-------------------------------------------------------------------------------|
|    ADICIONANDO UM PRODUTO: 3- stylish dress|
|-------------------------------------------------------------------------------|
item no carrinho: stylish dress quantidade: 3
******************************************************************
|-------------------------------------------------------------------------------|
|    ADICIONANDO UM PRODUTO: 1- beautiful peacock blue cotton linen saree|
|-------------------------------------------------------------------------------|
|    ADICIONANDO UM PRODUTO: 2- beautiful peacock blue cotton linen saree|
|-------------------------------------------------------------------------------|
item no carrinho: beautiful peacock blue cotton linen saree quantidade: 2
******************************************************************
|-------------------------------------------------------------------------------|
|    ADICIONANDO UM PRODUTO: 1- men tshirt|
|-------------------------------------------------------------------------------|
item no carrinho: men tshirt quantidade: 1
******************************************************************
|-------------------------------------------------------------------------------|
|    ADICIONANDO UM PRODUTO: 1- summer white top|
|-------------------------------------------------------------------------------|
|    ADICIONANDO UM PRODUTO: 2- summer white top|
|-------------------------------------------------------------------------------|
|    ADICIONANDO UM PRODUTO: 3- summer white top|
|-------------------------------------------------------------------------------|
|    ADICIONANDO UM PRODUTO: 4- summer white top|
|-------------------------------------------------------------------------------|
item no carrinho: summer white top quantidade: 4
******************************************************************
|-------------------------------------------------------------------------------|
|    ADICIONANDO UM PRODUTO: 1- fancy green top|
|-------------------------------------------------------------------------------|
|    ADICIONANDO UM PRODUTO: 2- fancy green top|
|-------------------------------------------------------------------------------|
item no carrinho: fancy green top quantidade: 2
******************************************************************
]]></system-out>
    <system-err><![CDATA[Starting ChromeDriver 110.0.5481.30 (aedb656755c469651f01505a4f15e153fc606a1e-refs/branch-heads/5481@{#191}) on port 38794
Only local connections are allowed.
Please see https://chromedriver.chromium.org/security-considerations for suggestions on keeping ChromeDriver safe.
ChromeDriver was started successfully.
[1678160804.458][WARNING]: virtual void DevToolsClientImpl::AddListener(DevToolsEventListener *) subscribing a listener to the already connected DevToolsClient. Connection notification will not arrive.
Mar 07, 2023 12:46:44 AM org.openqa.selenium.remote.ProtocolHandshake createSession
INFO: Detected dialect: W3C
]]></system-err>
  </testcase>
</testsuite>